
SQL*Loader: Release 21.0.0.0.0 - Production on So Lip 1 01:19:10 2023
Version 21.3.0.0.0

Copyright (c) 1982, 2021, Oracle and/or its affiliates.  All rights reserved.

Plik sterujący:          ./Loader/adresy.ctl
Plik danych:             .\\Dane\\adresy.csv
  Napis opcji przetwarzania plików: "str '\r\n'"
  Plik odrzutów:         ./Loader/adresy.bad
  Plik nieprzyjęc:  brak specyfikacji

 (Zezwolenie na wszystkie nieprzyjęcia)

Liczba do załadowania:   ALL
Liczba do pominięcia: 0
Dopuszczonych błędów: 50
Zmienna tablicowa:        250 wierszy, maksymalnie 1048576 bajtów
Kontynuacja:    brak specyfikacji
Użyta ścieżka :      Konwencjonalny

Tabela ADRESY, załadowano z każdego rekordu logicznego.
Działa opcja wstawiania dla tej tabeli: INSERT
opcja TRAILING NULLCOLS w użyciu

   Nazwa kolumny               Pozycja    Dł.   Końc. Ogr. Typ danych
------------------------------ ---------- ----- ---- ---- ---------------------
ID_ADRESU                           FIRST     *   ,       CHARACTER            
KRAJ                                 NEXT     *   ,       CHARACTER            
MIASTO                               NEXT     *   ,       CHARACTER            
ULICA                                NEXT     *   ,       CHARACTER            
NR_BUDYNKU                           NEXT     *   ,       CHARACTER            
NR_MIESZKANIA                        NEXT     *   ,       CHARACTER            


Tabela ADRESY:
  1000 Wiersze - załadowane pomyślnie.
  0 Wiersze - nie załadowano wskutek błędów danych.
  0 Wiersze - nie załadowano wskutek niepowodzenia wszystkich klauzul WHEN.
  0 Wiersze - nie załadowano, ponieważ wszystkie pola miały wartość Null.


Przestrzeń przydziel. dla zmiennej tablicowej:   387000 B (wierszy: 250)
Odczytane bajty bufora:  1048576

Łączna liczba pominiętych rekordów logicznych:        0
Łączna liczba odczytanych rekordów logicznych:     1000
Łączna liczba odrzuconych rekordów logicznych:        0
Łączna liczba nieprzyjętych rekordów logicznych:        0

Rozpoczęcie wykonania  So Lip 01 01:19:10 2023
Zakończenie wykonania  So Lip 01 01:19:11 2023

Całkowity czas:       00:00:00.59
Czas CPU:             00:00:00.07
