
SQL*Loader: Release 21.0.0.0.0 - Production on Sun Jun 4 19:54:05 2023
Version 21.3.0.0.0

Copyright (c) 1982, 2021, Oracle and/or its affiliates.  All rights reserved.

Control File:   ./Loader/dostawy_klientow.ctl
Data File:      .\\Dane\\dostawy_klientow.csv
  File processing option string: "str '\r\n'"
  Bad File:     ./Loader/dostawy_klientow.bad
  Discard File:  none specified
 
 (Allow all discards)

Number to load: ALL
Number to skip: 0
Errors allowed: 50
Bind array:     250 rows, maximum of 1048576 bytes
Continuation:    none specified
Path used:      Conventional

Table DOSTAWY_KLIENTOW, loaded from every logical record.
Insert option in effect for this table: INSERT
TRAILING NULLCOLS option in effect

   Column Name                  Position   Len  Term Encl Datatype
------------------------------ ---------- ----- ---- ---- ---------------------
ID_DOSTAWY                          FIRST     *   ,       CHARACTER            
ID_ZAMOWIENIA                        NEXT     *   ,       CHARACTER            
ID_KLIENTA                           NEXT     *   ,       CHARACTER            
ID_ADRESU                            NEXT     *   ,       CHARACTER            
DATA_DOSTAWY                         NEXT     *   ,       CHARACTER            
STATUS                               NEXT     *   ,       CHARACTER            


Table DOSTAWY_KLIENTOW:
  1000 Rows successfully loaded.
  0 Rows not loaded due to data errors.
  0 Rows not loaded because all WHEN clauses were failed.
  0 Rows not loaded because all fields were null.


Space allocated for bind array:                 387000 bytes(250 rows)
Read   buffer bytes: 1048576

Total logical records skipped:          0
Total logical records read:          1000
Total logical records rejected:         0
Total logical records discarded:        0

Run began on Sun Jun 04 19:54:05 2023
Run ended on Sun Jun 04 19:54:05 2023

Elapsed time was:     00:00:00.31
CPU time was:         00:00:00.11
