
SQL*Loader: Release 21.0.0.0.0 - Production on So Lip 1 01:19:12 2023
Version 21.3.0.0.0

Copyright (c) 1982, 2021, Oracle and/or its affiliates.  All rights reserved.

Plik sterujący:          ./Loader/magazynygatunki.ctl
Plik danych:             .\\Dane\\magazynygatunki.csv
  Napis opcji przetwarzania plików: "str '\r\n'"
  Plik odrzutów:         ./Loader/magazynygatunki.bad
  Plik nieprzyjęc:  brak specyfikacji

 (Zezwolenie na wszystkie nieprzyjęcia)

Liczba do załadowania:   ALL
Liczba do pominięcia: 0
Dopuszczonych błędów: 50
Zmienna tablicowa:        250 wierszy, maksymalnie 1048576 bajtów
Kontynuacja:    brak specyfikacji
Użyta ścieżka :      Konwencjonalny

Tabela MAGAZYNYGATUNKI, załadowano z każdego rekordu logicznego.
Działa opcja wstawiania dla tej tabeli: INSERT
opcja TRAILING NULLCOLS w użyciu

   Nazwa kolumny               Pozycja    Dł.   Końc. Ogr. Typ danych
------------------------------ ---------- ----- ---- ---- ---------------------
ID_MAGAZYNYGATUNKI                  FIRST     *   ,       CHARACTER            
ID_MAGAZYNU                          NEXT     *   ,       CHARACTER            
ID_GATUNKU                           NEXT     *   ,       CHARACTER            
ILOSC                                NEXT     *   ,       CHARACTER            


Tabela MAGAZYNYGATUNKI:
  10000 Wiersze - załadowane pomyślnie.
  0 Wiersze - nie załadowano wskutek błędów danych.
  0 Wiersze - nie załadowano wskutek niepowodzenia wszystkich klauzul WHEN.
  0 Wiersze - nie załadowano, ponieważ wszystkie pola miały wartość Null.


Przestrzeń przydziel. dla zmiennej tablicowej:   258000 B (wierszy: 250)
Odczytane bajty bufora:  1048576

Łączna liczba pominiętych rekordów logicznych:        0
Łączna liczba odczytanych rekordów logicznych:    10000
Łączna liczba odrzuconych rekordów logicznych:        0
Łączna liczba nieprzyjętych rekordów logicznych:        0

Rozpoczęcie wykonania  So Lip 01 01:19:12 2023
Zakończenie wykonania  So Lip 01 01:19:12 2023

Całkowity czas:       00:00:00.27
Czas CPU:             00:00:00.13
