
SQL*Loader: Release 21.0.0.0.0 - Production on Sun Jun 4 19:54:07 2023
Version 21.3.0.0.0

Copyright (c) 1982, 2021, Oracle and/or its affiliates.  All rights reserved.

Control File:   ./Loader/oferty_specjalne.ctl
Data File:      .\\Dane\\oferty_specjalne.csv
  File processing option string: "str '\r\n'"
  Bad File:     ./Loader/oferty_specjalne.bad
  Discard File:  none specified
 
 (Allow all discards)

Number to load: ALL
Number to skip: 0
Errors allowed: 50
Bind array:     250 rows, maximum of 1048576 bytes
Continuation:    none specified
Path used:      Conventional

Table OFERTY_SPECJALNE, loaded from every logical record.
Insert option in effect for this table: INSERT
TRAILING NULLCOLS option in effect

   Column Name                  Position   Len  Term Encl Datatype
------------------------------ ---------- ----- ---- ---- ---------------------
ID_OFERTY                           FIRST     *   ,       CHARACTER            
ID_GATUNKU                           NEXT     *   ,       CHARACTER            
ID_USLUGI                            NEXT     *   ,       CHARACTER            
CENA                                 NEXT     *   ,       CHARACTER            
DATA_ROZPOCZECIA                     NEXT     *   ,       CHARACTER            
DATA_ZAKONCZENIA                     NEXT     *   ,       CHARACTER            


Table OFERTY_SPECJALNE:
  1000 Rows successfully loaded.
  0 Rows not loaded due to data errors.
  0 Rows not loaded because all WHEN clauses were failed.
  0 Rows not loaded because all fields were null.


Space allocated for bind array:                 387000 bytes(250 rows)
Read   buffer bytes: 1048576

Total logical records skipped:          0
Total logical records read:          1000
Total logical records rejected:         0
Total logical records discarded:        0

Run began on Sun Jun 04 19:54:07 2023
Run ended on Sun Jun 04 19:54:07 2023

Elapsed time was:     00:00:00.32
CPU time was:         00:00:00.17
