
SQL*Loader: Release 21.0.0.0.0 - Production on So Lip 1 01:19:13 2023
Version 21.3.0.0.0

Copyright (c) 1982, 2021, Oracle and/or its affiliates.  All rights reserved.

Plik sterujący:          ./Loader/rachunki.ctl
Plik danych:             .\\Dane\\rachunki.csv
  Napis opcji przetwarzania plików: "str '\r\n'"
  Plik odrzutów:         ./Loader/rachunki.bad
  Plik nieprzyjęc:  brak specyfikacji

 (Zezwolenie na wszystkie nieprzyjęcia)

Liczba do załadowania:   ALL
Liczba do pominięcia: 0
Dopuszczonych błędów: 50
Zmienna tablicowa:        250 wierszy, maksymalnie 1048576 bajtów
Kontynuacja:    brak specyfikacji
Użyta ścieżka :      Konwencjonalny

Tabela RACHUNKI, załadowano z każdego rekordu logicznego.
Działa opcja wstawiania dla tej tabeli: INSERT
opcja TRAILING NULLCOLS w użyciu

   Nazwa kolumny               Pozycja    Dł.   Końc. Ogr. Typ danych
------------------------------ ---------- ----- ---- ---- ---------------------
ID_RACHUNKU                         FIRST     *   ,       CHARACTER            
ID_KWIACIARNI                        NEXT     *   ,       CHARACTER            
ID_PRACOWNIKA                        NEXT     *   ,       CHARACTER            
ID_KLIENTA                           NEXT     *   ,       CHARACTER            
TYP_RACHUNKU                         NEXT     *   ,       CHARACTER            
DATA_SPRZEDAZY                       NEXT     *   ,       CHARACTER            
SUMA_PLN                             NEXT     *   ,       CHARACTER            
    Kod SQL dla kolumny : "TO_NUMBER(:suma_pln, '99999999.99', 'NLS_NUMERIC_CHARACTERS='',.''')"


Tabela RACHUNKI:
  1000 Wiersze - załadowane pomyślnie.
  0 Wiersze - nie załadowano wskutek błędów danych.
  0 Wiersze - nie załadowano wskutek niepowodzenia wszystkich klauzul WHEN.
  0 Wiersze - nie załadowano, ponieważ wszystkie pola miały wartość Null.


Przestrzeń przydziel. dla zmiennej tablicowej:   451500 B (wierszy: 250)
Odczytane bajty bufora:  1048576

Łączna liczba pominiętych rekordów logicznych:        0
Łączna liczba odczytanych rekordów logicznych:     1000
Łączna liczba odrzuconych rekordów logicznych:        0
Łączna liczba nieprzyjętych rekordów logicznych:        0

Rozpoczęcie wykonania  So Lip 01 01:19:13 2023
Zakończenie wykonania  So Lip 01 01:19:13 2023

Całkowity czas:       00:00:00.14
Czas CPU:             00:00:00.07
