
SQL*Loader: Release 21.0.0.0.0 - Production on So Cze 24 17:49:47 2023
Version 21.3.0.0.0

Copyright (c) 1982, 2021, Oracle and/or its affiliates.  All rights reserved.

Plik sterujący:          ./Loader/uslugi.ctl
Plik danych:             .\\Dane\\uslugi.csv
  Napis opcji przetwarzania plików: "str '\r\n'"
  Plik odrzutów:         ./Loader/uslugi.bad
  Plik nieprzyjęc:  brak specyfikacji

 (Zezwolenie na wszystkie nieprzyjęcia)

Liczba do załadowania:   ALL
Liczba do pominięcia: 0
Dopuszczonych błędów: 50
Zmienna tablicowa:        250 wierszy, maksymalnie 1048576 bajtów
Kontynuacja:    brak specyfikacji
Użyta ścieżka :      Konwencjonalny

Tabela USLUGI, załadowano z każdego rekordu logicznego.
Działa opcja wstawiania dla tej tabeli: INSERT
opcja TRAILING NULLCOLS w użyciu

   Nazwa kolumny               Pozycja    Dł.   Końc. Ogr. Typ danych
------------------------------ ---------- ----- ---- ---- ---------------------
ID_USLUGI                           FIRST     *   ,       CHARACTER            
NAZWA                                NEXT     *   ,       CHARACTER            
DOPLATA                              NEXT     *   ,       CHARACTER            
    Kod SQL dla kolumny : "TO_NUMBER(:doplata, '99999999.99', 'NLS_NUMERIC_CHARACTERS='',.''')"


Tabela USLUGI:
  100 Wiersze - załadowane pomyślnie.
  0 Wiersze - nie załadowano wskutek błędów danych.
  0 Wiersze - nie załadowano wskutek niepowodzenia wszystkich klauzul WHEN.
  0 Wiersze - nie załadowano, ponieważ wszystkie pola miały wartość Null.


Przestrzeń przydziel. dla zmiennej tablicowej:   193500 B (wierszy: 250)
Odczytane bajty bufora:  1048576

Łączna liczba pominiętych rekordów logicznych:        0
Łączna liczba odczytanych rekordów logicznych:      100
Łączna liczba odrzuconych rekordów logicznych:        0
Łączna liczba nieprzyjętych rekordów logicznych:        0

Rozpoczęcie wykonania  So Cze 24 17:49:47 2023
Zakończenie wykonania  So Cze 24 17:49:47 2023

Całkowity czas:       00:00:00.13
Czas CPU:             00:00:00.08
