
SQL*Loader: Release 21.0.0.0.0 - Production on So Cze 24 17:49:49 2023
Version 21.3.0.0.0

Copyright (c) 1982, 2021, Oracle and/or its affiliates.  All rights reserved.

Plik sterujący:          ./Loader/zamowienia.ctl
Plik danych:             .\\Dane\\zamowienia.csv
  Napis opcji przetwarzania plików: "str '\r\n'"
  Plik odrzutów:         ./Loader/zamowienia.bad
  Plik nieprzyjęc:  brak specyfikacji

 (Zezwolenie na wszystkie nieprzyjęcia)

Liczba do załadowania:   ALL
Liczba do pominięcia: 0
Dopuszczonych błędów: 50
Zmienna tablicowa:        250 wierszy, maksymalnie 1048576 bajtów
Kontynuacja:    brak specyfikacji
Użyta ścieżka :      Konwencjonalny

Tabela ZAMOWIENIA, załadowano z każdego rekordu logicznego.
Działa opcja wstawiania dla tej tabeli: INSERT
opcja TRAILING NULLCOLS w użyciu

   Nazwa kolumny               Pozycja    Dł.   Końc. Ogr. Typ danych
------------------------------ ---------- ----- ---- ---- ---------------------
ID_ZAMOWIENIA                       FIRST     *   ,       CHARACTER            
ID_KLIENTA                           NEXT     *   ,       CHARACTER            
DATA_ZAMOWIENIA                      NEXT     *   ,       CHARACTER            
STATUS                               NEXT     *   ,       CHARACTER            


Tabela ZAMOWIENIA:
  1000 Wiersze - załadowane pomyślnie.
  0 Wiersze - nie załadowano wskutek błędów danych.
  0 Wiersze - nie załadowano wskutek niepowodzenia wszystkich klauzul WHEN.
  0 Wiersze - nie załadowano, ponieważ wszystkie pola miały wartość Null.


Przestrzeń przydziel. dla zmiennej tablicowej:   258000 B (wierszy: 250)
Odczytane bajty bufora:  1048576

Łączna liczba pominiętych rekordów logicznych:        0
Łączna liczba odczytanych rekordów logicznych:     1000
Łączna liczba odrzuconych rekordów logicznych:        0
Łączna liczba nieprzyjętych rekordów logicznych:        0

Rozpoczęcie wykonania  So Cze 24 17:49:49 2023
Zakończenie wykonania  So Cze 24 17:49:49 2023

Całkowity czas:       00:00:00.16
Czas CPU:             00:00:00.14
