
SQL*Loader: Release 21.0.0.0.0 - Production on So Cze 24 17:49:47 2023
Version 21.3.0.0.0

Copyright (c) 1982, 2021, Oracle and/or its affiliates.  All rights reserved.

Plik sterujący:          ./Loader/zatrudnienia.ctl
Plik danych:             .\\Dane\\zatrudnienia.csv
  Napis opcji przetwarzania plików: "str '\r\n'"
  Plik odrzutów:         ./Loader/zatrudnienia.bad
  Plik nieprzyjęc:  brak specyfikacji

 (Zezwolenie na wszystkie nieprzyjęcia)

Liczba do załadowania:   ALL
Liczba do pominięcia: 0
Dopuszczonych błędów: 50
Zmienna tablicowa:        250 wierszy, maksymalnie 1048576 bajtów
Kontynuacja:    brak specyfikacji
Użyta ścieżka :      Konwencjonalny

Tabela ZATRUDNIENIA, załadowano z każdego rekordu logicznego.
Działa opcja wstawiania dla tej tabeli: INSERT
opcja TRAILING NULLCOLS w użyciu

   Nazwa kolumny               Pozycja    Dł.   Końc. Ogr. Typ danych
------------------------------ ---------- ----- ---- ---- ---------------------
ID_ZATRUDNIENIA                     FIRST     *   ,       CHARACTER            
ID_KWIACIARNI                        NEXT     *   ,       CHARACTER            
ID_PRACOWNIKA                        NEXT     *   ,       CHARACTER            
DATA_PRZYJECIA                       NEXT     *   ,       CHARACTER            
CZY_NA_URLOPIE                       NEXT     *   ,       CHARACTER            
CZY_ZWOLNIONY                        NEXT     *   ,       CHARACTER            
DATA_ZWOLNIENIA                      NEXT     *   ,       CHARACTER            


Tabela ZATRUDNIENIA:
  1000 Wiersze - załadowane pomyślnie.
  0 Wiersze - nie załadowano wskutek błędów danych.
  0 Wiersze - nie załadowano wskutek niepowodzenia wszystkich klauzul WHEN.
  0 Wiersze - nie załadowano, ponieważ wszystkie pola miały wartość Null.


Przestrzeń przydziel. dla zmiennej tablicowej:   451500 B (wierszy: 250)
Odczytane bajty bufora:  1048576

Łączna liczba pominiętych rekordów logicznych:        0
Łączna liczba odczytanych rekordów logicznych:     1000
Łączna liczba odrzuconych rekordów logicznych:        0
Łączna liczba nieprzyjętych rekordów logicznych:        0

Rozpoczęcie wykonania  So Cze 24 17:49:47 2023
Zakończenie wykonania  So Cze 24 17:49:48 2023

Całkowity czas:       00:00:00.19
Czas CPU:             00:00:00.08
